<?xml version="1.0" encoding="UTF-8"?>
<!-- Generated by org.testng.reporters.JUnitXMLReporter -->
<testsuite hostname="RAMYA-PC" ignored="0" name="Default test" tests="3" failures="0" timestamp="29 May 2020 09:24:53 GMT" time="30.574" errors="0">
  <testcase name="calenderLink" time="1.454" classname="testCases.FreeCRMLogin"/>
  <testcase name="contactLink" time="0.486" classname="testCases.FreeCRMLogin"/>
  <testcase name="companiesLink" time="0.101" classname="testCases.FreeCRMLogin"/>
</testsuite> <!-- Default test -->
