<?xml version="1.0" encoding="UTF-8"?>
<!-- Generated by org.testng.reporters.JUnitXMLReporter -->
<testsuite hostname="RAMYA-PC" ignored="0" name="Test" tests="3" failures="0" timestamp="29 May 2020 10:20:54 GMT" time="63.846" errors="0">
  <testcase name="calenderLink" time="2.796" classname="testCases.FreeCRMLogin"/>
  <testcase name="contactLink" time="0.34" classname="testCases.FreeCRMLogin"/>
  <testcase name="companiesLink" time="0.26" classname="testCases.FreeCRMLogin"/>
</testsuite> <!-- Test -->
