<?xml version="1.0" encoding="UTF-8"?>
<!-- Generated by org.testng.reporters.JUnitXMLReporter -->
<testsuite hostname="RAMYA-PC" ignored="0" name="Test" tests="3" failures="0" timestamp="31 May 2020 06:05:06 GMT" time="228.99" errors="0">
  <testcase name="calenderLink" time="4.33" classname="testCases.FreeCRMLogin"/>
  <testcase name="contactLink" time="0.169" classname="testCases.FreeCRMLogin"/>
  <testcase name="companiesLink" time="0.111" classname="testCases.FreeCRMLogin"/>
</testsuite> <!-- Test -->
