<?xml version="1.0" encoding="UTF-8"?>
<testng-results skipped="0" failed="0" ignored="0" total="3" passed="3">
  <reporter-output>
  </reporter-output>
  <suite name="Suite" duration-ms="63846" started-at="2020-05-29T10:19:49Z" finished-at="2020-05-29T10:20:53Z">
    <groups>
    </groups>
    <test name="Test" duration-ms="63846" started-at="2020-05-29T10:19:49Z" finished-at="2020-05-29T10:20:53Z">
      <class name="testCases.FreeCRMLogin">
        <test-method status="PASS" signature="beforemethod()[pri:0, instance:testCases.FreeCRMLogin@69ea3742]" name="beforemethod" is-config="true" duration-ms="47801" started-at="2020-05-29T10:19:49Z" finished-at="2020-05-29T10:20:37Z">
          <reporter-output>
          </reporter-output>
        </test-method> <!-- beforemethod -->
        <test-method status="PASS" signature="login()[pri:0, instance:testCases.FreeCRMLogin@69ea3742]" name="login" is-config="true" duration-ms="6325" started-at="2020-05-29T10:20:37Z" finished-at="2020-05-29T10:20:44Z">
          <reporter-output>
          </reporter-output>
        </test-method> <!-- login -->
        <test-method status="PASS" signature="calenderLink()[pri:0, instance:testCases.FreeCRMLogin@69ea3742]" name="calenderLink" duration-ms="2796" started-at="2020-05-29T10:20:44Z" finished-at="2020-05-29T10:20:47Z">
          <reporter-output>
          </reporter-output>
        </test-method> <!-- calenderLink -->
        <test-method status="PASS" signature="contactLink()[pri:1, instance:testCases.FreeCRMLogin@69ea3742]" name="contactLink" duration-ms="340" started-at="2020-05-29T10:20:47Z" finished-at="2020-05-29T10:20:47Z">
          <reporter-output>
          </reporter-output>
        </test-method> <!-- contactLink -->
        <test-method status="PASS" signature="companiesLink()[pri:2, instance:testCases.FreeCRMLogin@69ea3742]" name="companiesLink" duration-ms="260" started-at="2020-05-29T10:20:47Z" finished-at="2020-05-29T10:20:47Z">
          <reporter-output>
          </reporter-output>
        </test-method> <!-- companiesLink -->
        <test-method status="PASS" signature="logoff()[pri:0, instance:testCases.FreeCRMLogin@69ea3742]" name="logoff" is-config="true" duration-ms="2382" started-at="2020-05-29T10:20:47Z" finished-at="2020-05-29T10:20:50Z">
          <reporter-output>
          </reporter-output>
        </test-method> <!-- logoff -->
        <test-method status="PASS" signature="aftermethod()[pri:0, instance:testCases.FreeCRMLogin@69ea3742]" name="aftermethod" is-config="true" duration-ms="3689" started-at="2020-05-29T10:20:50Z" finished-at="2020-05-29T10:20:53Z">
          <reporter-output>
          </reporter-output>
        </test-method> <!-- aftermethod -->
      </class> <!-- testCases.FreeCRMLogin -->
    </test> <!-- Test -->
  </suite> <!-- Suite -->
</testng-results>
